<?xml version="1.0" encoding="UTF-8"?>
<testng-results ignored="0" total="1" passed="1" failed="0" skipped="0">
  <reporter-output>
  </reporter-output>
  <suite started-at="2022-06-30T21:01:54 IST" name="Default suite" finished-at="2022-06-30T21:02:03 IST" duration-ms="9076">
    <groups>
    </groups>
    <test started-at="2022-06-30T21:01:54 IST" name="Default test" finished-at="2022-06-30T21:02:03 IST" duration-ms="9076">
      <class name="Mobile_testing.Mobile_capability">
        <test-method signature="calculted()[pri:0, instance:Mobile_testing.Mobile_capability@682c1e93]" started-at="2022-06-30T21:01:54 IST" name="calculted" finished-at="2022-06-30T21:02:03 IST" duration-ms="9040" status="PASS">
          <reporter-output>
          </reporter-output>
        </test-method> <!-- calculted -->
      </class> <!-- Mobile_testing.Mobile_capability -->
    </test> <!-- Default test -->
  </suite> <!-- Default suite -->
</testng-results>
